<?xml version="1.0" encoding="UTF-8"?>
<!-- Generated by org.testng.reporters.JUnitReportReporter -->
<testsuite hostname="DESKTOP-E8URKCM" failures="0" tests="1" name="pinkcloud.ExtentReports.ExtentReportTest" time="21.456" errors="0" timestamp="2025-09-09T20:15:38 SGT" skipped="0">
  <testcase classname="pinkcloud.ExtentReports.ExtentReportTest" name="extentReport" time="21.456"/>
  <system-out/>
</testsuite> <!-- pinkcloud.ExtentReports.ExtentReportTest -->
