<?xml version="1.0" encoding="UTF-8"?>
<!-- Generated by org.testng.reporters.JUnitReportReporter -->
<testsuite hostname="DESKTOP-E8URKCM" failures="0" tests="1" name="pinkcloud.ExtentReports.ExtentReportTest" time="16.363" errors="0" timestamp="2025-08-23T15:55:13 SGT" skipped="0">
  <testcase classname="pinkcloud.ExtentReports.ExtentReportTest" name="extentReport" time="16.363"/>
  <system-out/>
</testsuite> <!-- pinkcloud.ExtentReports.ExtentReportTest -->
